<?xml version="1.0" encoding="UTF-8"?>
<!-- Generated by org.testng.reporters.JUnitXMLReporter -->
<testsuite ignored="0" hostname="DESKTOP-OAQU05F" failures="0" tests="9" name="Default test" time="0.068" errors="0" timestamp="2022-11-05T22:53:39 EDT">
  <testcase classname="DataProviderTests" name="canGetCityMiami" time="0.01"/>
  <testcase classname="DataProviderTests" name="canGetCitySeattle" time="0.001"/>
  <testcase classname="DataProviderTests" name="canGetNFLTeam" time="0.002"/>
  <testcase classname="DataProviderTests" name="canGetStateAbbreviationTexas" time="0.002"/>
  <testcase classname="DataProviderTests" name="canGetStateAbbreviationWashington" time="0.001"/>
  <testcase classname="DataProviderTests" name="canGetStateNameFromObjectMotherLouisiana" time="0.002"/>
  <testcase classname="DataProviderTests" name="canGetStateNameFromObjectMotherTexas" time="0.001"/>
  <testcase classname="DataProviderTests" name="cangGetStateNameFlorida" time="0.001"/>
  <testcase classname="DataProviderTests" name="cangGetStateNameTexas" time="0.001"/>
</testsuite> <!-- Default test -->
